2017-11-07 01:07:29,406 INFO org.apache.hadoop.hdfs.server.namenode.NameNode: STARTUP_MSG: 
/************************************************************
STARTUP_MSG: Starting NameNode
STARTUP_MSG:   host = hadoop-secmaster/192.168.252.130
STARTUP_MSG:   args = []
STARTUP_MSG:   version = 1.2.1
STARTUP_MSG:   build = https://svn.apache.org/repos/asf/hadoop/common/branches/branch-1.2 -r 1503152; compiled by 'mattf' on Mon Jul 22 15:23:09 PDT 2013
STARTUP_MSG:   java = 1.8.0_152
************************************************************/
2017-11-07 01:07:29,532 INFO org.apache.hadoop.metrics2.impl.MetricsConfig: loaded properties from hadoop-metrics2.properties
2017-11-07 01:07:29,578 INFO org.apache.hadoop.metrics2.impl.MetricsSourceAdapter: MBean for source MetricsSystem,sub=Stats registered.
2017-11-07 01:07:29,578 INFO org.apache.hadoop.metrics2.impl.MetricsSystemImpl: Scheduled snapshot period at 10 second(s).
2017-11-07 01:07:29,578 INFO org.apache.hadoop.metrics2.impl.MetricsSystemImpl: NameNode metrics system started
2017-11-07 01:07:29,628 INFO org.apache.hadoop.metrics2.impl.MetricsSourceAdapter: MBean for source ugi registered.
2017-11-07 01:07:29,630 WARN org.apache.hadoop.metrics2.impl.MetricsSystemImpl: Source name ugi already exists!
2017-11-07 01:07:29,633 INFO org.apache.hadoop.metrics2.impl.MetricsSourceAdapter: MBean for source jvm registered.
2017-11-07 01:07:29,633 INFO org.apache.hadoop.metrics2.impl.MetricsSourceAdapter: MBean for source NameNode registered.
2017-11-07 01:07:29,647 INFO org.apache.hadoop.hdfs.util.GSet: Computing capacity for map BlocksMap
2017-11-07 01:07:29,647 INFO org.apache.hadoop.hdfs.util.GSet: VM type       = 64-bit
2017-11-07 01:07:29,647 INFO org.apache.hadoop.hdfs.util.GSet: 2.0% max memory = 932184064
2017-11-07 01:07:29,647 INFO org.apache.hadoop.hdfs.util.GSet: capacity      = 2^21 = 2097152 entries
2017-11-07 01:07:29,647 INFO org.apache.hadoop.hdfs.util.GSet: recommended=2097152, actual=2097152
2017-11-07 01:07:29,663 INFO org.apache.hadoop.hdfs.server.namenode.FSNamesystem: fsOwner=hadoop
2017-11-07 01:07:29,663 INFO org.apache.hadoop.hdfs.server.namenode.FSNamesystem: supergroup=supergroup
2017-11-07 01:07:29,663 INFO org.apache.hadoop.hdfs.server.namenode.FSNamesystem: isPermissionEnabled=true
2017-11-07 01:07:29,668 INFO org.apache.hadoop.hdfs.server.namenode.FSNamesystem: dfs.block.invalidate.limit=100
2017-11-07 01:07:29,668 INFO org.apache.hadoop.hdfs.server.namenode.FSNamesystem: isAccessTokenEnabled=false accessKeyUpdateInterval=0 min(s), accessTokenLifetime=0 min(s)
2017-11-07 01:07:29,870 INFO org.apache.hadoop.hdfs.server.namenode.FSNamesystem: Registered FSNamesystemStateMBean and NameNodeMXBean
2017-11-07 01:07:29,881 INFO org.apache.hadoop.hdfs.server.namenode.FSEditLog: dfs.namenode.edits.toleration.length = 0
2017-11-07 01:07:29,883 INFO org.apache.hadoop.hdfs.server.namenode.NameNode: Caching file names occuring more than 10 times 
2017-11-07 01:07:29,886 INFO org.apache.hadoop.hdfs.server.common.Storage: Storage directory /var/lib/hadoop/dfs/name/1 does not exist
2017-11-07 01:07:29,887 ERROR org.apache.hadoop.hdfs.server.namenode.FSNamesystem: FSNamesystem initialization failed.
org.apache.hadoop.hdfs.server.common.InconsistentFSStateException: Directory /var/lib/hadoop/dfs/name/1 is in an inconsistent state: storage directory does not exist or is not accessible.
	at org.apache.hadoop.hdfs.server.namenode.FSImage.recoverTransitionRead(FSImage.java:304)
	at org.apache.hadoop.hdfs.server.namenode.FSDirectory.loadFSImage(FSDirectory.java:104)
	at org.apache.hadoop.hdfs.server.namenode.FSNamesystem.initialize(FSNamesystem.java:427)
	at org.apache.hadoop.hdfs.server.namenode.FSNamesystem.<init>(FSNamesystem.java:395)
	at org.apache.hadoop.hdfs.server.namenode.NameNode.initialize(NameNode.java:299)
	at org.apache.hadoop.hdfs.server.namenode.NameNode.<init>(NameNode.java:569)
	at org.apache.hadoop.hdfs.server.namenode.NameNode.createNameNode(NameNode.java:1479)
	at org.apache.hadoop.hdfs.server.namenode.NameNode.main(NameNode.java:1488)
2017-11-07 01:07:29,891 ERROR org.apache.hadoop.hdfs.server.namenode.NameNode: org.apache.hadoop.hdfs.server.common.InconsistentFSStateException: Directory /var/lib/hadoop/dfs/name/1 is in an inconsistent state: storage directory does not exist or is not accessible.
	at org.apache.hadoop.hdfs.server.namenode.FSImage.recoverTransitionRead(FSImage.java:304)
	at org.apache.hadoop.hdfs.server.namenode.FSDirectory.loadFSImage(FSDirectory.java:104)
	at org.apache.hadoop.hdfs.server.namenode.FSNamesystem.initialize(FSNamesystem.java:427)
	at org.apache.hadoop.hdfs.server.namenode.FSNamesystem.<init>(FSNamesystem.java:395)
	at org.apache.hadoop.hdfs.server.namenode.NameNode.initialize(NameNode.java:299)
	at org.apache.hadoop.hdfs.server.namenode.NameNode.<init>(NameNode.java:569)
	at org.apache.hadoop.hdfs.server.namenode.NameNode.createNameNode(NameNode.java:1479)
	at org.apache.hadoop.hdfs.server.namenode.NameNode.main(NameNode.java:1488)

2017-11-07 01:07:29,891 INFO org.apache.hadoop.hdfs.server.namenode.NameNode: SHUTDOWN_MSG: 
/************************************************************
SHUTDOWN_MSG: Shutting down NameNode at hadoop-secmaster/192.168.252.130
************************************************************/
2017-11-07 01:29:12,884 INFO org.apache.hadoop.hdfs.server.namenode.NameNode: STARTUP_MSG: 
/************************************************************
STARTUP_MSG: Starting NameNode
STARTUP_MSG:   host = hadoop-secmaster/192.168.252.130
STARTUP_MSG:   args = []
STARTUP_MSG:   version = 1.2.1
STARTUP_MSG:   build = https://svn.apache.org/repos/asf/hadoop/common/branches/branch-1.2 -r 1503152; compiled by 'mattf' on Mon Jul 22 15:23:09 PDT 2013
STARTUP_MSG:   java = 1.8.0_152
************************************************************/
2017-11-07 01:29:12,963 INFO org.apache.hadoop.metrics2.impl.MetricsConfig: loaded properties from hadoop-metrics2.properties
2017-11-07 01:29:12,974 INFO org.apache.hadoop.metrics2.impl.MetricsSourceAdapter: MBean for source MetricsSystem,sub=Stats registered.
2017-11-07 01:29:12,974 INFO org.apache.hadoop.metrics2.impl.MetricsSystemImpl: Scheduled snapshot period at 10 second(s).
2017-11-07 01:29:12,974 INFO org.apache.hadoop.metrics2.impl.MetricsSystemImpl: NameNode metrics system started
2017-11-07 01:29:13,022 INFO org.apache.hadoop.metrics2.impl.MetricsSourceAdapter: MBean for source ugi registered.
2017-11-07 01:29:13,024 WARN org.apache.hadoop.metrics2.impl.MetricsSystemImpl: Source name ugi already exists!
2017-11-07 01:29:13,026 INFO org.apache.hadoop.metrics2.impl.MetricsSourceAdapter: MBean for source jvm registered.
2017-11-07 01:29:13,027 INFO org.apache.hadoop.metrics2.impl.MetricsSourceAdapter: MBean for source NameNode registered.
2017-11-07 01:29:13,037 INFO org.apache.hadoop.hdfs.util.GSet: Computing capacity for map BlocksMap
2017-11-07 01:29:13,037 INFO org.apache.hadoop.hdfs.util.GSet: VM type       = 64-bit
2017-11-07 01:29:13,037 INFO org.apache.hadoop.hdfs.util.GSet: 2.0% max memory = 932184064
2017-11-07 01:29:13,037 INFO org.apache.hadoop.hdfs.util.GSet: capacity      = 2^21 = 2097152 entries
2017-11-07 01:29:13,037 INFO org.apache.hadoop.hdfs.util.GSet: recommended=2097152, actual=2097152
2017-11-07 01:29:13,045 INFO org.apache.hadoop.hdfs.server.namenode.FSNamesystem: fsOwner=hadoop
2017-11-07 01:29:13,045 INFO org.apache.hadoop.hdfs.server.namenode.FSNamesystem: supergroup=supergroup
2017-11-07 01:29:13,045 INFO org.apache.hadoop.hdfs.server.namenode.FSNamesystem: isPermissionEnabled=true
2017-11-07 01:29:13,049 INFO org.apache.hadoop.hdfs.server.namenode.FSNamesystem: dfs.block.invalidate.limit=100
2017-11-07 01:29:13,049 INFO org.apache.hadoop.hdfs.server.namenode.FSNamesystem: isAccessTokenEnabled=false accessKeyUpdateInterval=0 min(s), accessTokenLifetime=0 min(s)
2017-11-07 01:29:13,174 INFO org.apache.hadoop.hdfs.server.namenode.FSNamesystem: Registered FSNamesystemStateMBean and NameNodeMXBean
2017-11-07 01:29:13,184 INFO org.apache.hadoop.hdfs.server.namenode.FSEditLog: dfs.namenode.edits.toleration.length = 0
2017-11-07 01:29:13,186 INFO org.apache.hadoop.hdfs.server.namenode.NameNode: Caching file names occuring more than 10 times 
2017-11-07 01:29:13,192 ERROR org.apache.hadoop.hdfs.server.namenode.FSNamesystem: FSNamesystem initialization failed.
java.io.IOException: NameNode is not formatted.
	at org.apache.hadoop.hdfs.server.namenode.FSImage.recoverTransitionRead(FSImage.java:331)
	at org.apache.hadoop.hdfs.server.namenode.FSDirectory.loadFSImage(FSDirectory.java:104)
	at org.apache.hadoop.hdfs.server.namenode.FSNamesystem.initialize(FSNamesystem.java:427)
	at org.apache.hadoop.hdfs.server.namenode.FSNamesystem.<init>(FSNamesystem.java:395)
	at org.apache.hadoop.hdfs.server.namenode.NameNode.initialize(NameNode.java:299)
	at org.apache.hadoop.hdfs.server.namenode.NameNode.<init>(NameNode.java:569)
	at org.apache.hadoop.hdfs.server.namenode.NameNode.createNameNode(NameNode.java:1479)
	at org.apache.hadoop.hdfs.server.namenode.NameNode.main(NameNode.java:1488)
2017-11-07 01:29:13,196 ERROR org.apache.hadoop.hdfs.server.namenode.NameNode: java.io.IOException: NameNode is not formatted.
	at org.apache.hadoop.hdfs.server.namenode.FSImage.recoverTransitionRead(FSImage.java:331)
	at org.apache.hadoop.hdfs.server.namenode.FSDirectory.loadFSImage(FSDirectory.java:104)
	at org.apache.hadoop.hdfs.server.namenode.FSNamesystem.initialize(FSNamesystem.java:427)
	at org.apache.hadoop.hdfs.server.namenode.FSNamesystem.<init>(FSNamesystem.java:395)
	at org.apache.hadoop.hdfs.server.namenode.NameNode.initialize(NameNode.java:299)
	at org.apache.hadoop.hdfs.server.namenode.NameNode.<init>(NameNode.java:569)
	at org.apache.hadoop.hdfs.server.namenode.NameNode.createNameNode(NameNode.java:1479)
	at org.apache.hadoop.hdfs.server.namenode.NameNode.main(NameNode.java:1488)

2017-11-07 01:29:13,196 INFO org.apache.hadoop.hdfs.server.namenode.NameNode: SHUTDOWN_MSG: 
/************************************************************
SHUTDOWN_MSG: Shutting down NameNode at hadoop-secmaster/192.168.252.130
************************************************************/
2017-11-07 01:42:49,454 INFO org.apache.hadoop.hdfs.server.namenode.NameNode: STARTUP_MSG: 
/************************************************************
STARTUP_MSG: Starting NameNode
STARTUP_MSG:   host = hadoop-secmaster/192.168.252.130
STARTUP_MSG:   args = []
STARTUP_MSG:   version = 1.2.1
STARTUP_MSG:   build = https://svn.apache.org/repos/asf/hadoop/common/branches/branch-1.2 -r 1503152; compiled by 'mattf' on Mon Jul 22 15:23:09 PDT 2013
STARTUP_MSG:   java = 1.8.0_152
************************************************************/
2017-11-07 01:42:49,528 INFO org.apache.hadoop.metrics2.impl.MetricsConfig: loaded properties from hadoop-metrics2.properties
2017-11-07 01:42:49,538 INFO org.apache.hadoop.metrics2.impl.MetricsSourceAdapter: MBean for source MetricsSystem,sub=Stats registered.
2017-11-07 01:42:49,539 INFO org.apache.hadoop.metrics2.impl.MetricsSystemImpl: Scheduled snapshot period at 10 second(s).
2017-11-07 01:42:49,539 INFO org.apache.hadoop.metrics2.impl.MetricsSystemImpl: NameNode metrics system started
2017-11-07 01:42:49,585 INFO org.apache.hadoop.metrics2.impl.MetricsSourceAdapter: MBean for source ugi registered.
2017-11-07 01:42:49,587 WARN org.apache.hadoop.metrics2.impl.MetricsSystemImpl: Source name ugi already exists!
2017-11-07 01:42:49,589 INFO org.apache.hadoop.metrics2.impl.MetricsSourceAdapter: MBean for source jvm registered.
2017-11-07 01:42:49,590 INFO org.apache.hadoop.metrics2.impl.MetricsSourceAdapter: MBean for source NameNode registered.
2017-11-07 01:42:49,601 INFO org.apache.hadoop.hdfs.util.GSet: Computing capacity for map BlocksMap
2017-11-07 01:42:49,601 INFO org.apache.hadoop.hdfs.util.GSet: VM type       = 64-bit
2017-11-07 01:42:49,601 INFO org.apache.hadoop.hdfs.util.GSet: 2.0% max memory = 932184064
2017-11-07 01:42:49,601 INFO org.apache.hadoop.hdfs.util.GSet: capacity      = 2^21 = 2097152 entries
2017-11-07 01:42:49,601 INFO org.apache.hadoop.hdfs.util.GSet: recommended=2097152, actual=2097152
2017-11-07 01:42:49,609 INFO org.apache.hadoop.hdfs.server.namenode.FSNamesystem: fsOwner=hadoop
2017-11-07 01:42:49,609 INFO org.apache.hadoop.hdfs.server.namenode.FSNamesystem: supergroup=supergroup
2017-11-07 01:42:49,609 INFO org.apache.hadoop.hdfs.server.namenode.FSNamesystem: isPermissionEnabled=true
2017-11-07 01:42:49,613 INFO org.apache.hadoop.hdfs.server.namenode.FSNamesystem: dfs.block.invalidate.limit=100
2017-11-07 01:42:49,613 INFO org.apache.hadoop.hdfs.server.namenode.FSNamesystem: isAccessTokenEnabled=false accessKeyUpdateInterval=0 min(s), accessTokenLifetime=0 min(s)
2017-11-07 01:42:49,750 INFO org.apache.hadoop.hdfs.server.namenode.FSNamesystem: Registered FSNamesystemStateMBean and NameNodeMXBean
2017-11-07 01:42:49,761 INFO org.apache.hadoop.hdfs.server.namenode.FSEditLog: dfs.namenode.edits.toleration.length = 0
2017-11-07 01:42:49,763 INFO org.apache.hadoop.hdfs.server.namenode.NameNode: Caching file names occuring more than 10 times 
2017-11-07 01:42:49,768 ERROR org.apache.hadoop.hdfs.server.namenode.FSNamesystem: FSNamesystem initialization failed.
java.io.IOException: NameNode is not formatted.
	at org.apache.hadoop.hdfs.server.namenode.FSImage.recoverTransitionRead(FSImage.java:331)
	at org.apache.hadoop.hdfs.server.namenode.FSDirectory.loadFSImage(FSDirectory.java:104)
	at org.apache.hadoop.hdfs.server.namenode.FSNamesystem.initialize(FSNamesystem.java:427)
	at org.apache.hadoop.hdfs.server.namenode.FSNamesystem.<init>(FSNamesystem.java:395)
	at org.apache.hadoop.hdfs.server.namenode.NameNode.initialize(NameNode.java:299)
	at org.apache.hadoop.hdfs.server.namenode.NameNode.<init>(NameNode.java:569)
	at org.apache.hadoop.hdfs.server.namenode.NameNode.createNameNode(NameNode.java:1479)
	at org.apache.hadoop.hdfs.server.namenode.NameNode.main(NameNode.java:1488)
2017-11-07 01:42:49,773 ERROR org.apache.hadoop.hdfs.server.namenode.NameNode: java.io.IOException: NameNode is not formatted.
	at org.apache.hadoop.hdfs.server.namenode.FSImage.recoverTransitionRead(FSImage.java:331)
	at org.apache.hadoop.hdfs.server.namenode.FSDirectory.loadFSImage(FSDirectory.java:104)
	at org.apache.hadoop.hdfs.server.namenode.FSNamesystem.initialize(FSNamesystem.java:427)
	at org.apache.hadoop.hdfs.server.namenode.FSNamesystem.<init>(FSNamesystem.java:395)
	at org.apache.hadoop.hdfs.server.namenode.NameNode.initialize(NameNode.java:299)
	at org.apache.hadoop.hdfs.server.namenode.NameNode.<init>(NameNode.java:569)
	at org.apache.hadoop.hdfs.server.namenode.NameNode.createNameNode(NameNode.java:1479)
	at org.apache.hadoop.hdfs.server.namenode.NameNode.main(NameNode.java:1488)

2017-11-07 01:42:49,773 INFO org.apache.hadoop.hdfs.server.namenode.NameNode: SHUTDOWN_MSG: 
/************************************************************
SHUTDOWN_MSG: Shutting down NameNode at hadoop-secmaster/192.168.252.130
************************************************************/
2017-11-07 02:15:55,776 INFO org.apache.hadoop.hdfs.server.namenode.NameNode: STARTUP_MSG: 
/************************************************************
STARTUP_MSG: Starting NameNode
STARTUP_MSG:   host = hadoop-secmaster/192.168.252.130
STARTUP_MSG:   args = []
STARTUP_MSG:   version = 1.2.1
STARTUP_MSG:   build = https://svn.apache.org/repos/asf/hadoop/common/branches/branch-1.2 -r 1503152; compiled by 'mattf' on Mon Jul 22 15:23:09 PDT 2013
STARTUP_MSG:   java = 1.8.0_152
************************************************************/
2017-11-07 02:15:55,844 INFO org.apache.hadoop.metrics2.impl.MetricsConfig: loaded properties from hadoop-metrics2.properties
2017-11-07 02:15:55,853 INFO org.apache.hadoop.metrics2.impl.MetricsSourceAdapter: MBean for source MetricsSystem,sub=Stats registered.
2017-11-07 02:15:55,854 INFO org.apache.hadoop.metrics2.impl.MetricsSystemImpl: Scheduled snapshot period at 10 second(s).
2017-11-07 02:15:55,854 INFO org.apache.hadoop.metrics2.impl.MetricsSystemImpl: NameNode metrics system started
2017-11-07 02:15:55,911 INFO org.apache.hadoop.metrics2.impl.MetricsSourceAdapter: MBean for source ugi registered.
2017-11-07 02:15:55,913 WARN org.apache.hadoop.metrics2.impl.MetricsSystemImpl: Source name ugi already exists!
2017-11-07 02:15:55,915 INFO org.apache.hadoop.metrics2.impl.MetricsSourceAdapter: MBean for source jvm registered.
2017-11-07 02:15:55,916 INFO org.apache.hadoop.metrics2.impl.MetricsSourceAdapter: MBean for source NameNode registered.
2017-11-07 02:15:55,926 INFO org.apache.hadoop.hdfs.util.GSet: Computing capacity for map BlocksMap
2017-11-07 02:15:55,926 INFO org.apache.hadoop.hdfs.util.GSet: VM type       = 64-bit
2017-11-07 02:15:55,926 INFO org.apache.hadoop.hdfs.util.GSet: 2.0% max memory = 932184064
2017-11-07 02:15:55,926 INFO org.apache.hadoop.hdfs.util.GSet: capacity      = 2^21 = 2097152 entries
2017-11-07 02:15:55,926 INFO org.apache.hadoop.hdfs.util.GSet: recommended=2097152, actual=2097152
2017-11-07 02:15:55,933 INFO org.apache.hadoop.hdfs.server.namenode.FSNamesystem: fsOwner=hadoop
2017-11-07 02:15:55,933 INFO org.apache.hadoop.hdfs.server.namenode.FSNamesystem: supergroup=supergroup
2017-11-07 02:15:55,933 INFO org.apache.hadoop.hdfs.server.namenode.FSNamesystem: isPermissionEnabled=true
2017-11-07 02:15:55,937 INFO org.apache.hadoop.hdfs.server.namenode.FSNamesystem: dfs.block.invalidate.limit=100
2017-11-07 02:15:55,937 INFO org.apache.hadoop.hdfs.server.namenode.FSNamesystem: isAccessTokenEnabled=false accessKeyUpdateInterval=0 min(s), accessTokenLifetime=0 min(s)
2017-11-07 02:15:56,056 INFO org.apache.hadoop.hdfs.server.namenode.FSNamesystem: Registered FSNamesystemStateMBean and NameNodeMXBean
2017-11-07 02:15:56,066 INFO org.apache.hadoop.hdfs.server.namenode.FSEditLog: dfs.namenode.edits.toleration.length = 0
2017-11-07 02:15:56,068 INFO org.apache.hadoop.hdfs.server.namenode.NameNode: Caching file names occuring more than 10 times 
2017-11-07 02:15:56,073 ERROR org.apache.hadoop.hdfs.server.namenode.FSNamesystem: FSNamesystem initialization failed.
java.io.IOException: NameNode is not formatted.
	at org.apache.hadoop.hdfs.server.namenode.FSImage.recoverTransitionRead(FSImage.java:331)
	at org.apache.hadoop.hdfs.server.namenode.FSDirectory.loadFSImage(FSDirectory.java:104)
	at org.apache.hadoop.hdfs.server.namenode.FSNamesystem.initialize(FSNamesystem.java:427)
	at org.apache.hadoop.hdfs.server.namenode.FSNamesystem.<init>(FSNamesystem.java:395)
	at org.apache.hadoop.hdfs.server.namenode.NameNode.initialize(NameNode.java:299)
	at org.apache.hadoop.hdfs.server.namenode.NameNode.<init>(NameNode.java:569)
	at org.apache.hadoop.hdfs.server.namenode.NameNode.createNameNode(NameNode.java:1479)
	at org.apache.hadoop.hdfs.server.namenode.NameNode.main(NameNode.java:1488)
2017-11-07 02:15:56,077 ERROR org.apache.hadoop.hdfs.server.namenode.NameNode: java.io.IOException: NameNode is not formatted.
	at org.apache.hadoop.hdfs.server.namenode.FSImage.recoverTransitionRead(FSImage.java:331)
	at org.apache.hadoop.hdfs.server.namenode.FSDirectory.loadFSImage(FSDirectory.java:104)
	at org.apache.hadoop.hdfs.server.namenode.FSNamesystem.initialize(FSNamesystem.java:427)
	at org.apache.hadoop.hdfs.server.namenode.FSNamesystem.<init>(FSNamesystem.java:395)
	at org.apache.hadoop.hdfs.server.namenode.NameNode.initialize(NameNode.java:299)
	at org.apache.hadoop.hdfs.server.namenode.NameNode.<init>(NameNode.java:569)
	at org.apache.hadoop.hdfs.server.namenode.NameNode.createNameNode(NameNode.java:1479)
	at org.apache.hadoop.hdfs.server.namenode.NameNode.main(NameNode.java:1488)

2017-11-07 02:15:56,078 INFO org.apache.hadoop.hdfs.server.namenode.NameNode: SHUTDOWN_MSG: 
/************************************************************
SHUTDOWN_MSG: Shutting down NameNode at hadoop-secmaster/192.168.252.130
************************************************************/
